1681394506861:help
1681394513949:show-photo hello
1681394767211:show-photo u1.png
1681394819787:show-photo u1.jpg
1681394823102:show-photo u1
1681394916320:show-photo unicorn001
1681741524587:help
1681741531659:user-home
1681741814240:quit
1681741862914:user-home
1681741925184:quit
1681741935303:user-home
1681742659092:quit
1681742663972:help
1681742667060:free-disk-space
1681742672837:minimum-free-disk-space
1681742678419:quit
1681742696740:minimum-free-disk-space
1681743552130:quit
1681744701723:minimum-free-disk-space
1681744866976:quit
1681744874463:minimum-free-disk-space
1681744900800:quit
1681913952738:upload-photo /home/eer/fs/unicorn001.jpg
1681914045217:quit
1681914075204:upload-photo /home/eer/fs/unicorn001.jpg
1681914099746:quit
1681914104834:upload-photo /home/eer/fs/unicorn001.jpg
1681914583409:quit
1681914590384:upload-photo /home/eer/fs/unicorn001.jpg
1681914954963:quit
1681917414929:exists /home
1681918577404:quit
1681918583149:exists /home
1681919054723:quit
